2017-10-11 22:51:27 [INFO ] [ExtentReporting] - [GeneratingReport] Configuration of reporting ..........
2017-10-11 22:51:27 [INFO ] [TestBase] - [initialization] Intialization........
2017-10-11 22:51:28 [INFO ] [TestBase] - [initialization] test configuration..... 
2017-10-11 22:51:28 [INFO ] [TestBase] - [initialization] test configuration..... Successfully
2017-10-11 22:51:28 [INFO ] [BrowserType] - [setupBrowser] Choosing Browser Type
2017-10-11 22:51:30 [INFO ] [BrowserType] - [setDriver] Choosing Browsename as Chrome Successfully...
2017-10-11 22:51:31 [INFO ] [EnvironmentSetup] - [setEnvironmentMode] Choosing Environment Mode
2017-10-11 22:51:34 [INFO ] [EnvironmentSetup] - [setEnvironmentMode] Navigated to URL : https://pdt-web-002q.sdl.devpxl.int:8443/pxl-pdtool-webapp/login
2017-10-11 22:51:34 [INFO ] [TestBase] - [initialization] Intialization........ Successfully Done
2017-10-11 22:51:34 [INFO ] [CommonMethod] - [clear] clearing the textBox field....By.id: login_username
2017-10-11 22:51:35 [INFO ] [CommonMethod] - [sendKeys]  Entering data to the textBox field.... By.id: login_username
2017-10-11 22:51:35 [INFO ] [CommonMethod] - [clear] clearing the textBox field....By.id: login_password
2017-10-11 22:51:36 [INFO ] [CommonMethod] - [sendKeys]  Entering data to the textBox field.... By.id: login_password
2017-10-11 22:51:42 [INFO ] [CommonMethod] - [click] Clicking on element ..... By.id: login_button
2017-10-11 22:53:02 [INFO ] [ExtentReporting] - [GeneratingReport] Configuration of reporting ..........
2017-10-11 22:53:03 [INFO ] [TestBase] - [initialization] Intialization........
2017-10-11 22:53:03 [INFO ] [TestBase] - [initialization] test configuration..... 
2017-10-11 22:53:03 [INFO ] [TestBase] - [initialization] test configuration..... Successfully
2017-10-11 22:53:03 [INFO ] [BrowserType] - [setupBrowser] Choosing Browser Type
2017-10-11 22:53:05 [INFO ] [BrowserType] - [setDriver] Choosing Browsename as Chrome Successfully...
2017-10-11 22:53:06 [INFO ] [EnvironmentSetup] - [setEnvironmentMode] Choosing Environment Mode
2017-10-11 22:53:11 [INFO ] [EnvironmentSetup] - [setEnvironmentMode] Navigated to URL : https://pdt-web-002q.sdl.devpxl.int:8443/pxl-pdtool-webapp/login
2017-10-11 22:53:11 [INFO ] [TestBase] - [initialization] Intialization........ Successfully Done
2017-10-11 22:53:11 [INFO ] [CommonMethod] - [clear] clearing the textBox field....By.id: login_username
2017-10-11 22:53:12 [INFO ] [CommonMethod] - [sendKeys]  Entering data to the textBox field.... By.id: login_username
2017-10-11 22:53:12 [INFO ] [CommonMethod] - [clear] clearing the textBox field....By.id: login_password
2017-10-11 22:53:13 [INFO ] [CommonMethod] - [sendKeys]  Entering data to the textBox field.... By.id: login_password
2017-10-11 22:53:23 [INFO ] [CommonMethod] - [click] Clicking on element ..... By.id: login_button
2017-10-11 22:54:01 [INFO ] [ExtentReporting] - [GeneratingReport] Configuration of reporting ..........
2017-10-11 22:54:01 [INFO ] [TestBase] - [initialization] Intialization........
2017-10-11 22:54:02 [INFO ] [TestBase] - [initialization] test configuration..... 
2017-10-11 22:54:02 [INFO ] [TestBase] - [initialization] test configuration..... Successfully
2017-10-11 22:54:02 [INFO ] [BrowserType] - [setupBrowser] Choosing Browser Type
2017-10-11 22:54:04 [INFO ] [BrowserType] - [setDriver] Choosing Browsename as Chrome Successfully...
2017-10-11 22:54:05 [INFO ] [EnvironmentSetup] - [setEnvironmentMode] Choosing Environment Mode
2017-10-11 22:54:08 [INFO ] [EnvironmentSetup] - [setEnvironmentMode] Navigated to URL : https://pdt-web-002q.sdl.devpxl.int:8443/pxl-pdtool-webapp/login
2017-10-11 22:54:08 [INFO ] [TestBase] - [initialization] Intialization........ Successfully Done
2017-10-11 22:54:08 [INFO ] [CommonMethod] - [clear] clearing the textBox field....By.id: login_username
2017-10-11 22:54:09 [INFO ] [CommonMethod] - [sendKeys]  Entering data to the textBox field.... By.id: login_username
2017-10-11 22:54:10 [INFO ] [CommonMethod] - [clear] clearing the textBox field....By.id: login_password
2017-10-11 22:54:10 [INFO ] [CommonMethod] - [sendKeys]  Entering data to the textBox field.... By.id: login_password
2017-10-11 23:05:09 [INFO ] [ExtentReporting] - [GeneratingReport] Configuration of reporting ..........
2017-10-11 23:05:09 [INFO ] [TestBase] - [initialization] Intialization........
2017-10-11 23:05:10 [INFO ] [TestBase] - [initialization] test configuration..... 
2017-10-11 23:05:10 [INFO ] [TestBase] - [initialization] test configuration..... Successfully
2017-10-11 23:05:10 [INFO ] [BrowserType] - [setupBrowser] Choosing Browser Type
2017-10-11 23:05:13 [INFO ] [BrowserType] - [setDriver] Choosing Browsename as Chrome Successfully...
2017-10-11 23:05:14 [INFO ] [EnvironmentSetup] - [setEnvironmentMode] Choosing Environment Mode
2017-10-11 23:05:18 [INFO ] [EnvironmentSetup] - [setEnvironmentMode] Navigated to URL : https://pdt-web-002q.sdl.devpxl.int:8443/pxl-pdtool-webapp/login
2017-10-11 23:05:18 [INFO ] [TestBase] - [initialization] Intialization........ Successfully Done
2017-10-11 23:05:18 [INFO ] [CommonMethod] - [clear] clearing the textBox field....By.id: login_username
2017-10-11 23:05:18 [INFO ] [CommonMethod] - [sendKeys]  Entering data to the textBox field.... By.id: login_username
2017-10-11 23:05:19 [INFO ] [CommonMethod] - [clear] clearing the textBox field....By.id: login_password
2017-10-11 23:05:19 [INFO ] [CommonMethod] - [sendKeys]  Entering data to the textBox field.... By.id: login_password
2017-10-11 23:05:26 [INFO ] [CommonMethod] - [click] Clicking on element ..... By.id: login_button
2017-10-11 23:06:05 [INFO ] [ExtentReporting] - [GeneratingReport] Configuration of reporting ..........
2017-10-11 23:06:05 [INFO ] [TestBase] - [initialization] Intialization........
2017-10-11 23:06:06 [INFO ] [TestBase] - [initialization] test configuration..... 
2017-10-11 23:06:06 [INFO ] [TestBase] - [initialization] test configuration..... Successfully
2017-10-11 23:06:06 [INFO ] [BrowserType] - [setupBrowser] Choosing Browser Type
2017-10-11 23:06:08 [INFO ] [BrowserType] - [setDriver] Choosing Browsename as Chrome Successfully...
2017-10-11 23:06:09 [INFO ] [EnvironmentSetup] - [setEnvironmentMode] Choosing Environment Mode
2017-10-11 23:06:15 [INFO ] [EnvironmentSetup] - [setEnvironmentMode] Navigated to URL : https://pdt-web-002q.sdl.devpxl.int:8443/pxl-pdtool-webapp/login
2017-10-11 23:06:15 [INFO ] [TestBase] - [initialization] Intialization........ Successfully Done
2017-10-11 23:06:15 [INFO ] [CommonMethod] - [clear] clearing the textBox field....By.id: login_username
2017-10-11 23:06:16 [INFO ] [CommonMethod] - [sendKeys]  Entering data to the textBox field.... By.id: login_username
2017-10-11 23:06:16 [INFO ] [CommonMethod] - [clear] clearing the textBox field....By.id: login_password
2017-10-11 23:06:17 [INFO ] [CommonMethod] - [sendKeys]  Entering data to the textBox field.... By.id: login_password
2017-10-11 23:06:30 [INFO ] [CommonMethod] - [click] Clicking on element ..... By.id: login_button
2017-10-11 23:10:34 [INFO ] [ExtentReporting] - [GeneratingReport] Configuration of reporting ..........
2017-10-11 23:10:34 [INFO ] [TestBase] - [initialization] Intialization........
2017-10-11 23:10:35 [INFO ] [TestBase] - [initialization] test configuration..... 
2017-10-11 23:10:35 [INFO ] [TestBase] - [initialization] test configuration..... Successfully
2017-10-11 23:10:35 [INFO ] [BrowserType] - [setupBrowser] Choosing Browser Type
2017-10-11 23:10:37 [INFO ] [BrowserType] - [setDriver] Choosing Browsename as Chrome Successfully...
2017-10-11 23:10:38 [INFO ] [EnvironmentSetup] - [setEnvironmentMode] Choosing Environment Mode
2017-10-11 23:10:42 [INFO ] [EnvironmentSetup] - [setEnvironmentMode] Navigated to URL : https://pdt-web-002q.sdl.devpxl.int:8443/pxl-pdtool-webapp/login
2017-10-11 23:10:42 [INFO ] [TestBase] - [initialization] Intialization........ Successfully Done
2017-10-11 23:10:42 [INFO ] [CommonMethod] - [clear] clearing the textBox field....By.id: login_username
2017-10-11 23:10:43 [INFO ] [CommonMethod] - [sendKeys]  Entering data to the textBox field.... By.id: login_username
2017-10-11 23:10:43 [INFO ] [CommonMethod] - [clear] clearing the textBox field....By.id: login_password
2017-10-11 23:10:44 [INFO ] [CommonMethod] - [sendKeys]  Entering data to the textBox field.... By.id: login_password
2017-10-11 23:10:54 [INFO ] [CommonMethod] - [click] Clicking on element ..... By.id: login_button
2017-10-11 23:11:55 [INFO ] [CommonMethod] - [comparedWithExpectedElement] no such element: Unable to locate element: {"method":"xpath","selector":"//a[@id='homeTab1']"}
  (Session info: chrome=63.0.3236.0)
  (Driver info: chromedriver=2.33.506120 (e3e53437346286c0bc2d2dc9aa4915ba81d9023f),platform=Windows NT 6.1.7601 SP1 x86) (WARNING: The server did not provide any stacktrace information)
Command duration or timeout: 0 milliseconds
For documentation on this error, please visit: http://seleniumhq.org/exceptions/no_such_element.html
Build info: version: '3.6.0', revision: '6fbf3ec767', time: '2017-09-27T16:15:40.131Z'
System info: host: 'HYD001781', ip: '10.128.80.188', os.name: 'Windows 7', os.arch: 'x86', os.version: '6.1', java.version: '1.8.0_31'
Driver info: org.openqa.selenium.chrome.ChromeDriver
Capabilities [{mobileEmulationEnabled=false, hasTouchScreen=false, platform=XP, acceptSslCerts=true, webStorageEnabled=true, browserName=chrome, takesScreenshot=true, javascriptEnabled=true, platformName=XP, setWindowRect=true, unexpectedAlertBehaviour=, applicationCacheEnabled=false, rotatable=false, networkConnectionEnabled=false, chrome={chromedriverVersion=2.33.506120 (e3e53437346286c0bc2d2dc9aa4915ba81d9023f), userDataDir=C:\Users\PallapS\AppData\Local\Temp\scoped_dir12012_27294}, takesHeapSnapshot=true, pageLoadStrategy=normal, unhandledPromptBehavior=, databaseEnabled=false, handlesAlerts=true, version=63.0.3236.0, browserConnectionEnabled=false, nativeEvents=true, locationContextEnabled=true, cssSelectorsEnabled=true}]
Session ID: aae0a95fac7506d6f36d7bbbfabf2fd6
*** Element info: {Using=xpath, value=//a[@id='homeTab1']}
2017-10-11 23:11:55 [ERROR] [CommonMethod] - [comparedWithExpectedElement] Expected value not present in the webpageno such element: Unable to locate element: {"method":"xpath","selector":"//a[@id='homeTab1']"}
  (Session info: chrome=63.0.3236.0)
  (Driver info: chromedriver=2.33.506120 (e3e53437346286c0bc2d2dc9aa4915ba81d9023f),platform=Windows NT 6.1.7601 SP1 x86) (WARNING: The server did not provide any stacktrace information)
Command duration or timeout: 0 milliseconds
For documentation on this error, please visit: http://seleniumhq.org/exceptions/no_such_element.html
Build info: version: '3.6.0', revision: '6fbf3ec767', time: '2017-09-27T16:15:40.131Z'
System info: host: 'HYD001781', ip: '10.128.80.188', os.name: 'Windows 7', os.arch: 'x86', os.version: '6.1', java.version: '1.8.0_31'
Driver info: org.openqa.selenium.chrome.ChromeDriver
Capabilities [{mobileEmulationEnabled=false, hasTouchScreen=false, platform=XP, acceptSslCerts=true, webStorageEnabled=true, browserName=chrome, takesScreenshot=true, javascriptEnabled=true, platformName=XP, setWindowRect=true, unexpectedAlertBehaviour=, applicationCacheEnabled=false, rotatable=false, networkConnectionEnabled=false, chrome={chromedriverVersion=2.33.506120 (e3e53437346286c0bc2d2dc9aa4915ba81d9023f), userDataDir=C:\Users\PallapS\AppData\Local\Temp\scoped_dir12012_27294}, takesHeapSnapshot=true, pageLoadStrategy=normal, unhandledPromptBehavior=, databaseEnabled=false, handlesAlerts=true, version=63.0.3236.0, browserConnectionEnabled=false, nativeEvents=true, locationContextEnabled=true, cssSelectorsEnabled=true}]
Session ID: aae0a95fac7506d6f36d7bbbfabf2fd6
*** Element info: {Using=xpath, value=//a[@id='homeTab1']}
2017-10-11 23:11:55 [ERROR] [CommonMethod] - [comparedWithExpectedElement] no such element: Unable to locate element: {"method":"xpath","selector":"//a[@id='homeTab1']"}
  (Session info: chrome=63.0.3236.0)
  (Driver info: chromedriver=2.33.506120 (e3e53437346286c0bc2d2dc9aa4915ba81d9023f),platform=Windows NT 6.1.7601 SP1 x86) (WARNING: The server did not provide any stacktrace information)
Command duration or timeout: 0 milliseconds
For documentation on this error, please visit: http://seleniumhq.org/exceptions/no_such_element.html
Build info: version: '3.6.0', revision: '6fbf3ec767', time: '2017-09-27T16:15:40.131Z'
System info: host: 'HYD001781', ip: '10.128.80.188', os.name: 'Windows 7', os.arch: 'x86', os.version: '6.1', java.version: '1.8.0_31'
Driver info: org.openqa.selenium.chrome.ChromeDriver
Capabilities [{mobileEmulationEnabled=false, hasTouchScreen=false, platform=XP, acceptSslCerts=true, webStorageEnabled=true, browserName=chrome, takesScreenshot=true, javascriptEnabled=true, platformName=XP, setWindowRect=true, unexpectedAlertBehaviour=, applicationCacheEnabled=false, rotatable=false, networkConnectionEnabled=false, chrome={chromedriverVersion=2.33.506120 (e3e53437346286c0bc2d2dc9aa4915ba81d9023f), userDataDir=C:\Users\PallapS\AppData\Local\Temp\scoped_dir12012_27294}, takesHeapSnapshot=true, pageLoadStrategy=normal, unhandledPromptBehavior=, databaseEnabled=false, handlesAlerts=true, version=63.0.3236.0, browserConnectionEnabled=false, nativeEvents=true, locationContextEnabled=true, cssSelectorsEnabled=true}]
Session ID: aae0a95fac7506d6f36d7bbbfabf2fd6
*** Element info: {Using=xpath, value=//a[@id='homeTab1']}
2017-10-11 23:13:03 [INFO ] [ExtentReporting] - [GeneratingReport] Configuration of reporting ..........
2017-10-11 23:13:03 [INFO ] [TestBase] - [initialization] Intialization........
2017-10-11 23:13:04 [INFO ] [TestBase] - [initialization] test configuration..... 
2017-10-11 23:13:04 [INFO ] [TestBase] - [initialization] test configuration..... Successfully
2017-10-11 23:13:04 [INFO ] [BrowserType] - [setupBrowser] Choosing Browser Type
2017-10-11 23:13:07 [INFO ] [BrowserType] - [setDriver] Choosing Browsename as Chrome Successfully...
2017-10-11 23:13:08 [INFO ] [EnvironmentSetup] - [setEnvironmentMode] Choosing Environment Mode
2017-10-11 23:13:11 [INFO ] [EnvironmentSetup] - [setEnvironmentMode] Navigated to URL : https://pdt-web-002q.sdl.devpxl.int:8443/pxl-pdtool-webapp/login
2017-10-11 23:13:11 [INFO ] [TestBase] - [initialization] Intialization........ Successfully Done
2017-10-11 23:13:11 [INFO ] [CommonMethod] - [clear] clearing the textBox field....By.id: login_username
2017-10-11 23:13:12 [INFO ] [CommonMethod] - [sendKeys]  Entering data to the textBox field.... By.id: login_username
2017-10-11 23:13:12 [INFO ] [CommonMethod] - [clear] clearing the textBox field....By.id: login_password
2017-10-11 23:13:13 [INFO ] [CommonMethod] - [sendKeys]  Entering data to the textBox field.... By.id: login_password
2017-10-11 23:13:19 [INFO ] [CommonMethod] - [click] Clicking on element ..... By.id: login_button
2017-10-11 23:14:20 [INFO ] [CommonMethod] - [comparedWithExpectedElement] no such element: Unable to locate element: {"method":"xpath","selector":"//a[@id='homeTab1']"}
  (Session info: chrome=63.0.3236.0)
  (Driver info: chromedriver=2.33.506120 (e3e53437346286c0bc2d2dc9aa4915ba81d9023f),platform=Windows NT 6.1.7601 SP1 x86) (WARNING: The server did not provide any stacktrace information)
Command duration or timeout: 0 milliseconds
For documentation on this error, please visit: http://seleniumhq.org/exceptions/no_such_element.html
Build info: version: '3.6.0', revision: '6fbf3ec767', time: '2017-09-27T16:15:40.131Z'
System info: host: 'HYD001781', ip: '10.128.80.188', os.name: 'Windows 7', os.arch: 'x86', os.version: '6.1', java.version: '1.8.0_31'
Driver info: org.openqa.selenium.chrome.ChromeDriver
Capabilities [{mobileEmulationEnabled=false, hasTouchScreen=false, platform=XP, acceptSslCerts=true, webStorageEnabled=true, browserName=chrome, takesScreenshot=true, javascriptEnabled=true, platformName=XP, setWindowRect=true, unexpectedAlertBehaviour=, applicationCacheEnabled=false, rotatable=false, networkConnectionEnabled=false, chrome={chromedriverVersion=2.33.506120 (e3e53437346286c0bc2d2dc9aa4915ba81d9023f), userDataDir=C:\Users\PallapS\AppData\Local\Temp\scoped_dir2968_4241}, takesHeapSnapshot=true, pageLoadStrategy=normal, unhandledPromptBehavior=, databaseEnabled=false, handlesAlerts=true, version=63.0.3236.0, browserConnectionEnabled=false, nativeEvents=true, locationContextEnabled=true, cssSelectorsEnabled=true}]
Session ID: 1f4df0878ac9ad7056baa2505cf9a428
*** Element info: {Using=xpath, value=//a[@id='homeTab1']}
2017-10-11 23:14:20 [ERROR] [CommonMethod] - [comparedWithExpectedElement] Expected value not present in the webpageno such element: Unable to locate element: {"method":"xpath","selector":"//a[@id='homeTab1']"}
  (Session info: chrome=63.0.3236.0)
  (Driver info: chromedriver=2.33.506120 (e3e53437346286c0bc2d2dc9aa4915ba81d9023f),platform=Windows NT 6.1.7601 SP1 x86) (WARNING: The server did not provide any stacktrace information)
Command duration or timeout: 0 milliseconds
For documentation on this error, please visit: http://seleniumhq.org/exceptions/no_such_element.html
Build info: version: '3.6.0', revision: '6fbf3ec767', time: '2017-09-27T16:15:40.131Z'
System info: host: 'HYD001781', ip: '10.128.80.188', os.name: 'Windows 7', os.arch: 'x86', os.version: '6.1', java.version: '1.8.0_31'
Driver info: org.openqa.selenium.chrome.ChromeDriver
Capabilities [{mobileEmulationEnabled=false, hasTouchScreen=false, platform=XP, acceptSslCerts=true, webStorageEnabled=true, browserName=chrome, takesScreenshot=true, javascriptEnabled=true, platformName=XP, setWindowRect=true, unexpectedAlertBehaviour=, applicationCacheEnabled=false, rotatable=false, networkConnectionEnabled=false, chrome={chromedriverVersion=2.33.506120 (e3e53437346286c0bc2d2dc9aa4915ba81d9023f), userDataDir=C:\Users\PallapS\AppData\Local\Temp\scoped_dir2968_4241}, takesHeapSnapshot=true, pageLoadStrategy=normal, unhandledPromptBehavior=, databaseEnabled=false, handlesAlerts=true, version=63.0.3236.0, browserConnectionEnabled=false, nativeEvents=true, locationContextEnabled=true, cssSelectorsEnabled=true}]
Session ID: 1f4df0878ac9ad7056baa2505cf9a428
*** Element info: {Using=xpath, value=//a[@id='homeTab1']}
2017-10-11 23:14:20 [ERROR] [CommonMethod] - [comparedWithExpectedElement] no such element: Unable to locate element: {"method":"xpath","selector":"//a[@id='homeTab1']"}
  (Session info: chrome=63.0.3236.0)
  (Driver info: chromedriver=2.33.506120 (e3e53437346286c0bc2d2dc9aa4915ba81d9023f),platform=Windows NT 6.1.7601 SP1 x86) (WARNING: The server did not provide any stacktrace information)
Command duration or timeout: 0 milliseconds
For documentation on this error, please visit: http://seleniumhq.org/exceptions/no_such_element.html
Build info: version: '3.6.0', revision: '6fbf3ec767', time: '2017-09-27T16:15:40.131Z'
System info: host: 'HYD001781', ip: '10.128.80.188', os.name: 'Windows 7', os.arch: 'x86', os.version: '6.1', java.version: '1.8.0_31'
Driver info: org.openqa.selenium.chrome.ChromeDriver
Capabilities [{mobileEmulationEnabled=false, hasTouchScreen=false, platform=XP, acceptSslCerts=true, webStorageEnabled=true, browserName=chrome, takesScreenshot=true, javascriptEnabled=true, platformName=XP, setWindowRect=true, unexpectedAlertBehaviour=, applicationCacheEnabled=false, rotatable=false, networkConnectionEnabled=false, chrome={chromedriverVersion=2.33.506120 (e3e53437346286c0bc2d2dc9aa4915ba81d9023f), userDataDir=C:\Users\PallapS\AppData\Local\Temp\scoped_dir2968_4241}, takesHeapSnapshot=true, pageLoadStrategy=normal, unhandledPromptBehavior=, databaseEnabled=false, handlesAlerts=true, version=63.0.3236.0, browserConnectionEnabled=false, nativeEvents=true, locationContextEnabled=true, cssSelectorsEnabled=true}]
Session ID: 1f4df0878ac9ad7056baa2505cf9a428
*** Element info: {Using=xpath, value=//a[@id='homeTab1']}
2017-10-11 23:16:39 [INFO ] [ExtentReporting] - [GeneratingReport] Configuration of reporting ..........
2017-10-11 23:16:39 [INFO ] [TestBase] - [initialization] Intialization........
2017-10-11 23:16:39 [INFO ] [TestBase] - [initialization] test configuration..... 
2017-10-11 23:16:39 [INFO ] [TestBase] - [initialization] test configuration..... Successfully
2017-10-11 23:16:39 [INFO ] [BrowserType] - [setupBrowser] Choosing Browser Type
2017-10-11 23:16:42 [INFO ] [BrowserType] - [setDriver] Choosing Browsename as Chrome Successfully...
2017-10-11 23:16:43 [INFO ] [EnvironmentSetup] - [setEnvironmentMode] Choosing Environment Mode
2017-10-11 23:16:46 [INFO ] [EnvironmentSetup] - [setEnvironmentMode] Navigated to URL : https://pdt-web-002q.sdl.devpxl.int:8443/pxl-pdtool-webapp/login
2017-10-11 23:16:46 [INFO ] [TestBase] - [initialization] Intialization........ Successfully Done
2017-10-11 23:16:46 [INFO ] [CommonMethod] - [clear] clearing the textBox field....By.id: login_username
2017-10-11 23:16:47 [INFO ] [CommonMethod] - [sendKeys]  Entering data to the textBox field.... By.id: login_username
2017-10-11 23:16:47 [INFO ] [CommonMethod] - [clear] clearing the textBox field....By.id: login_password
2017-10-11 23:16:48 [INFO ] [CommonMethod] - [sendKeys]  Entering data to the textBox field.... By.id: login_password
2017-10-11 23:16:54 [INFO ] [CommonMethod] - [click] Clicking on element ..... By.id: login_button
2017-10-11 23:33:26 [INFO ] [ExtentReporting] - [GeneratingReport] Configuration of reporting ..........
2017-10-11 23:33:27 [INFO ] [TestBase] - [initialization] Intialization........
2017-10-11 23:33:27 [INFO ] [TestBase] - [initialization] test configuration..... 
2017-10-11 23:33:27 [INFO ] [TestBase] - [initialization] test configuration..... Successfully
2017-10-11 23:33:27 [INFO ] [BrowserType] - [setupBrowser] Choosing Browser Type
2017-10-11 23:33:30 [INFO ] [BrowserType] - [setDriver] Choosing Browsename as Chrome Successfully...
2017-10-11 23:33:31 [INFO ] [EnvironmentSetup] - [setEnvironmentMode] Choosing Environment Mode
2017-10-11 23:33:35 [INFO ] [EnvironmentSetup] - [setEnvironmentMode] Navigated to URL : https://pdt-web-002q.sdl.devpxl.int:8443/pxl-pdtool-webapp/login
2017-10-11 23:33:35 [INFO ] [TestBase] - [initialization] Intialization........ Successfully Done
2017-10-11 23:33:35 [INFO ] [CommonMethod] - [clear] clearing the textBox field....By.id: login_username
2017-10-11 23:33:36 [INFO ] [CommonMethod] - [sendKeys]  Entering data to the textBox field.... By.id: login_username
2017-10-11 23:33:36 [INFO ] [CommonMethod] - [clear] clearing the textBox field....By.id: login_password
2017-10-11 23:33:37 [INFO ] [CommonMethod] - [sendKeys]  Entering data to the textBox field.... By.id: login_password
2017-10-11 23:33:42 [INFO ] [CommonMethod] - [click] Clicking on element ..... By.id: login_button
2017-10-11 23:36:40 [INFO ] [ExtentReporting] - [GeneratingReport] Configuration of reporting ..........
2017-10-11 23:36:40 [INFO ] [TestBase] - [initialization] Intialization........
2017-10-11 23:36:40 [INFO ] [TestBase] - [initialization] test configuration..... 
2017-10-11 23:36:40 [INFO ] [TestBase] - [initialization] test configuration..... Successfully
2017-10-11 23:36:40 [INFO ] [BrowserType] - [setupBrowser] Choosing Browser Type
2017-10-11 23:36:43 [INFO ] [BrowserType] - [setDriver] Choosing Browsename as Chrome Successfully...
2017-10-11 23:36:44 [INFO ] [EnvironmentSetup] - [setEnvironmentMode] Choosing Environment Mode
2017-10-11 23:36:48 [INFO ] [EnvironmentSetup] - [setEnvironmentMode] Navigated to URL : https://pdt-web-002q.sdl.devpxl.int:8443/pxl-pdtool-webapp/login
2017-10-11 23:36:48 [INFO ] [TestBase] - [initialization] Intialization........ Successfully Done
2017-10-11 23:36:48 [INFO ] [CommonMethod] - [clear] clearing the textBox field....By.id: login_username
2017-10-11 23:36:48 [INFO ] [CommonMethod] - [sendKeys]  Entering data to the textBox field.... By.id: login_username
2017-10-11 23:36:52 [INFO ] [CommonMethod] - [click] Clicking on element ..... By.id: login_button
2017-10-11 23:36:52 [INFO ] [CommonMethod] - [comparedWithExpectedText] Actual value......Failed to authenticate..... is  matching with expected value....Failed to authenticate.......
2017-10-11 23:36:53 [INFO ] [CommonMethod] - [clear] clearing the textBox field....By.id: login_username
2017-10-11 23:36:53 [INFO ] [CommonMethod] - [sendKeys]  Entering data to the textBox field.... By.id: login_username
2017-10-11 23:36:54 [INFO ] [CommonMethod] - [clear] clearing the textBox field....By.id: login_password
2017-10-11 23:36:54 [INFO ] [CommonMethod] - [sendKeys]  Entering data to the textBox field.... By.id: login_password
2017-10-11 23:37:01 [INFO ] [CommonMethod] - [click] Clicking on element ..... By.id: login_button
2017-10-11 23:37:47 [INFO ] [ExtentReporting] - [GeneratingReport] Configuration of reporting ..........
2017-10-11 23:37:47 [INFO ] [TestBase] - [initialization] Intialization........
2017-10-11 23:37:48 [INFO ] [TestBase] - [initialization] test configuration..... 
2017-10-11 23:37:48 [INFO ] [TestBase] - [initialization] test configuration..... Successfully
2017-10-11 23:37:48 [INFO ] [BrowserType] - [setupBrowser] Choosing Browser Type
2017-10-11 23:37:50 [INFO ] [BrowserType] - [setDriver] Choosing Browsename as Chrome Successfully...
2017-10-11 23:37:51 [INFO ] [EnvironmentSetup] - [setEnvironmentMode] Choosing Environment Mode
2017-10-11 23:37:54 [INFO ] [EnvironmentSetup] - [setEnvironmentMode] Navigated to URL : https://pdt-web-002q.sdl.devpxl.int:8443/pxl-pdtool-webapp/login
2017-10-11 23:37:54 [INFO ] [TestBase] - [initialization] Intialization........ Successfully Done
2017-10-11 23:37:54 [INFO ] [CommonMethod] - [clear] clearing the textBox field....By.id: login_username
2017-10-11 23:37:55 [INFO ] [CommonMethod] - [sendKeys]  Entering data to the textBox field.... By.id: login_username
2017-10-11 23:37:58 [INFO ] [CommonMethod] - [click] Clicking on element ..... By.id: login_button
2017-10-11 23:37:58 [INFO ] [CommonMethod] - [comparedWithExpectedText] Actual value......Failed to authenticate..... is  matching with expected value....Failed to authenticate.......
2017-10-11 23:37:59 [INFO ] [CommonMethod] - [clear] clearing the textBox field....By.id: login_username
2017-10-11 23:37:59 [INFO ] [CommonMethod] - [sendKeys]  Entering data to the textBox field.... By.id: login_username
2017-10-11 23:38:00 [INFO ] [CommonMethod] - [clear] clearing the textBox field....By.id: login_password
2017-10-11 23:38:00 [INFO ] [CommonMethod] - [sendKeys]  Entering data to the textBox field.... By.id: login_password
2017-10-11 23:38:06 [INFO ] [CommonMethod] - [click] Clicking on element ..... By.id: login_button
2017-10-11 23:38:50 [INFO ] [ExtentReporting] - [GeneratingReport] Configuration of reporting ..........
2017-10-11 23:39:12 [INFO ] [ExtentReporting] - [GeneratingReport] Configuration of reporting ..........
2017-10-11 23:39:12 [INFO ] [TestBase] - [initialization] Intialization........
2017-10-11 23:39:13 [INFO ] [TestBase] - [initialization] test configuration..... 
2017-10-11 23:39:13 [INFO ] [TestBase] - [initialization] test configuration..... Successfully
2017-10-11 23:39:13 [INFO ] [BrowserType] - [setupBrowser] Choosing Browser Type
2017-10-11 23:39:15 [INFO ] [BrowserType] - [setDriver] Choosing Browsename as Chrome Successfully...
2017-10-11 23:39:16 [INFO ] [EnvironmentSetup] - [setEnvironmentMode] Choosing Environment Mode
2017-10-11 23:39:20 [INFO ] [EnvironmentSetup] - [setEnvironmentMode] Navigated to URL : https://pdt-web-002q.sdl.devpxl.int:8443/pxl-pdtool-webapp/login
2017-10-11 23:39:20 [INFO ] [TestBase] - [initialization] Intialization........ Successfully Done
2017-10-11 23:39:20 [INFO ] [CommonMethod] - [clear] clearing the textBox field....By.id: login_username
2017-10-11 23:39:20 [INFO ] [CommonMethod] - [sendKeys]  Entering data to the textBox field.... By.id: login_username
2017-10-11 23:39:24 [INFO ] [CommonMethod] - [click] Clicking on element ..... By.id: login_button
2017-10-11 23:39:25 [INFO ] [CommonMethod] - [comparedWithExpectedText] Actual value......Failed to authenticate..... is  matching with expected value....Failed to authenticate.......
2017-10-11 23:39:25 [INFO ] [CommonMethod] - [clear] clearing the textBox field....By.id: login_username
2017-10-11 23:39:26 [INFO ] [CommonMethod] - [sendKeys]  Entering data to the textBox field.... By.id: login_username
2017-10-11 23:39:26 [INFO ] [CommonMethod] - [clear] clearing the textBox field....By.id: login_password
2017-10-11 23:39:27 [INFO ] [CommonMethod] - [sendKeys]  Entering data to the textBox field.... By.id: login_password
2017-10-11 23:39:32 [INFO ] [CommonMethod] - [click] Clicking on element ..... By.id: login_button
2017-10-11 23:39:34 [INFO ] [CommonMethod] - [comparedWithExpectedText] Actual value......HOME..... is  matching with expected value....HOME.......
2017-10-14 21:23:39 [INFO ] [ExtentReporting] - [GeneratingReport] Configuration of reporting ..........
2017-10-14 21:23:40 [INFO ] [TestBase] - [initialization] Intialization........
2017-10-14 21:23:44 [INFO ] [TestBase] - [initialization] test configuration..... 
2017-10-14 21:23:44 [INFO ] [TestBase] - [initialization] test configuration..... Successfully
2017-10-14 21:23:44 [INFO ] [BrowserType] - [setupBrowser] Choosing Browser Type
2017-10-14 21:23:59 [INFO ] [BrowserType] - [setDriver] Choosing Browsename as Chrome Successfully...
2017-10-14 21:24:00 [INFO ] [EnvironmentSetup] - [setEnvironmentMode] Choosing Environment Mode
2017-10-14 21:24:03 [INFO ] [EnvironmentSetup] - [setEnvironmentMode] Navigated to URL : http://selenium4testing.com/hms/
2017-10-14 21:24:03 [INFO ] [TestBase] - [initialization] Intialization........ Successfully Done
2017-10-14 21:24:04 [INFO ] [CommonMethod] - [clear] clearing the textBox field....By.name: username
2017-10-14 21:24:06 [INFO ] [CommonMethod] - [sendKeys]  Entering data to the textBox field.... By.name: username
2017-10-14 21:24:07 [INFO ] [CommonMethod] - [click] Clicking on element ..... By.name: submit
2017-10-14 21:25:26 [INFO ] [ExtentReporting] - [GeneratingReport] Configuration of reporting ..........
2017-10-14 21:25:27 [INFO ] [TestBase] - [initialization] Intialization........
2017-10-14 21:25:29 [INFO ] [TestBase] - [initialization] test configuration..... 
2017-10-14 21:25:29 [INFO ] [TestBase] - [initialization] test configuration..... Successfully
2017-10-14 21:25:29 [INFO ] [BrowserType] - [setupBrowser] Choosing Browser Type
2017-10-14 21:25:36 [INFO ] [BrowserType] - [setDriver] Choosing Browsename as Chrome Successfully...
2017-10-14 21:25:37 [INFO ] [EnvironmentSetup] - [setEnvironmentMode] Choosing Environment Mode
2017-10-14 21:25:39 [INFO ] [EnvironmentSetup] - [setEnvironmentMode] Navigated to URL : http://selenium4testing.com/hms/
2017-10-14 21:25:39 [INFO ] [TestBase] - [initialization] Intialization........ Successfully Done
2017-10-14 21:25:39 [INFO ] [CommonMethod] - [clear] clearing the textBox field....By.name: username
2017-10-14 21:25:40 [INFO ] [CommonMethod] - [sendKeys]  Entering data to the textBox field.... By.name: username
2017-10-14 21:25:41 [INFO ] [CommonMethod] - [click] Clicking on element ..... By.name: submit
2017-10-14 21:26:43 [INFO ] [ExtentReporting] - [GeneratingReport] Configuration of reporting ..........
2017-10-14 21:26:43 [INFO ] [TestBase] - [initialization] Intialization........
2017-10-14 21:26:45 [INFO ] [TestBase] - [initialization] test configuration..... 
2017-10-14 21:26:45 [INFO ] [TestBase] - [initialization] test configuration..... Successfully
2017-10-14 21:26:45 [INFO ] [BrowserType] - [setupBrowser] Choosing Browser Type
2017-10-14 21:26:51 [INFO ] [BrowserType] - [setDriver] Choosing Browsename as Chrome Successfully...
2017-10-14 21:26:52 [INFO ] [EnvironmentSetup] - [setEnvironmentMode] Choosing Environment Mode
2017-10-14 21:26:54 [INFO ] [EnvironmentSetup] - [setEnvironmentMode] Navigated to URL : http://selenium4testing.com/hms/
2017-10-14 21:26:54 [INFO ] [TestBase] - [initialization] Intialization........ Successfully Done
2017-10-14 21:26:54 [INFO ] [CommonMethod] - [clear] clearing the textBox field....By.name: username
2017-10-14 21:26:55 [INFO ] [CommonMethod] - [sendKeys]  Entering data to the textBox field.... By.name: username
2017-10-14 21:26:56 [INFO ] [CommonMethod] - [click] Clicking on element ..... By.name: submit
2017-10-14 21:28:17 [INFO ] [ExtentReporting] - [GeneratingReport] Configuration of reporting ..........
2017-10-14 21:28:18 [INFO ] [TestBase] - [initialization] Intialization........
2017-10-14 21:28:20 [INFO ] [TestBase] - [initialization] test configuration..... 
2017-10-14 21:28:20 [INFO ] [TestBase] - [initialization] test configuration..... Successfully
2017-10-14 21:28:20 [INFO ] [BrowserType] - [setupBrowser] Choosing Browser Type
2017-10-14 21:28:26 [INFO ] [BrowserType] - [setDriver] Choosing Browsename as Chrome Successfully...
2017-10-14 21:28:27 [INFO ] [EnvironmentSetup] - [setEnvironmentMode] Choosing Environment Mode
2017-10-14 21:28:28 [INFO ] [EnvironmentSetup] - [setEnvironmentMode] Navigated to URL : http://selenium4testing.com/hms/
2017-10-14 21:28:28 [INFO ] [TestBase] - [initialization] Intialization........ Successfully Done
2017-10-14 21:28:28 [INFO ] [CommonMethod] - [clear] clearing the textBox field....By.name: username
2017-10-14 21:28:29 [INFO ] [CommonMethod] - [sendKeys]  Entering data to the textBox field.... By.name: username
2017-10-14 21:28:30 [INFO ] [CommonMethod] - [clear] clearing the textBox field....By.name: password
2017-10-14 21:28:31 [INFO ] [CommonMethod] - [sendKeys]  Entering data to the textBox field.... By.name: password
2017-10-14 21:28:33 [INFO ] [CommonMethod] - [click] Clicking on element ..... By.name: submit
2017-10-14 21:32:37 [INFO ] [ExtentReporting] - [GeneratingReport] Configuration of reporting ..........
2017-10-14 21:32:38 [INFO ] [TestBase] - [initialization] Intialization........
2017-10-14 21:32:40 [INFO ] [TestBase] - [initialization] test configuration..... 
2017-10-14 21:32:40 [INFO ] [TestBase] - [initialization] test configuration..... Successfully
2017-10-14 21:32:40 [INFO ] [BrowserType] - [setupBrowser] Choosing Browser Type
2017-10-14 21:32:47 [INFO ] [BrowserType] - [setDriver] Choosing Browsename as Chrome Successfully...
2017-10-14 21:32:48 [INFO ] [EnvironmentSetup] - [setEnvironmentMode] Choosing Environment Mode
2017-10-14 21:32:51 [INFO ] [EnvironmentSetup] - [setEnvironmentMode] Navigated to URL : http://selenium4testing.com/hms/
2017-10-14 21:32:51 [INFO ] [TestBase] - [initialization] Intialization........ Successfully Done
2017-10-14 21:32:51 [INFO ] [CommonMethod] - [clear] clearing the textBox field....By.name: username
2017-10-14 21:32:52 [INFO ] [CommonMethod] - [sendKeys]  Entering data to the textBox field.... By.name: username
2017-10-14 21:32:53 [INFO ] [CommonMethod] - [clear] clearing the textBox field....By.name: password
2017-10-14 21:32:54 [INFO ] [CommonMethod] - [sendKeys]  Entering data to the textBox field.... By.name: password
2017-10-14 21:32:55 [INFO ] [CommonMethod] - [click] Clicking on element ..... By.name: submit
2017-10-14 21:32:58 [INFO ] [CommonMethod] - [click] Clicking on element ..... By.xpath: //a[@href='logout.php']
2017-10-14 21:35:43 [INFO ] [ExtentReporting] - [GeneratingReport] Configuration of reporting ..........
2017-10-14 21:35:44 [INFO ] [TestBase] - [initialization] Intialization........
2017-10-14 21:35:46 [INFO ] [TestBase] - [initialization] test configuration..... 
2017-10-14 21:35:46 [INFO ] [TestBase] - [initialization] test configuration..... Successfully
2017-10-14 21:35:46 [INFO ] [BrowserType] - [setupBrowser] Choosing Browser Type
2017-10-14 21:35:54 [INFO ] [BrowserType] - [setDriver] Choosing Browsename as Chrome Successfully...
2017-10-14 21:35:55 [INFO ] [EnvironmentSetup] - [setEnvironmentMode] Choosing Environment Mode
2017-10-14 21:35:57 [INFO ] [EnvironmentSetup] - [setEnvironmentMode] Navigated to URL : http://selenium4testing.com/hms/
2017-10-14 21:35:57 [INFO ] [TestBase] - [initialization] Intialization........ Successfully Done
2017-10-14 21:35:58 [INFO ] [CommonMethod] - [clear] clearing the textBox field....By.name: username
2017-10-14 21:35:59 [INFO ] [CommonMethod] - [sendKeys]  Entering data to the textBox field.... By.name: username
2017-10-14 21:36:00 [INFO ] [CommonMethod] - [clear] clearing the textBox field....By.name: password
2017-10-14 21:36:00 [INFO ] [CommonMethod] - [sendKeys]  Entering data to the textBox field.... By.name: password
2017-10-14 21:36:02 [INFO ] [CommonMethod] - [click] Clicking on element ..... By.name: submit
2017-10-14 21:36:07 [INFO ] [TestBase] - [initialization] Intialization........
2017-10-14 21:36:07 [INFO ] [TestBase] - [initialization] test configuration..... 
2017-10-14 21:36:07 [INFO ] [TestBase] - [initialization] test configuration..... Successfully
2017-10-14 21:36:07 [INFO ] [BrowserType] - [setupBrowser] Choosing Browser Type
2017-10-14 21:36:10 [INFO ] [BrowserType] - [setDriver] Choosing Browsename as Chrome Successfully...
2017-10-14 21:36:11 [INFO ] [EnvironmentSetup] - [setEnvironmentMode] Choosing Environment Mode
2017-10-14 21:36:13 [INFO ] [EnvironmentSetup] - [setEnvironmentMode] Navigated to URL : http://selenium4testing.com/hms/
2017-10-14 21:36:13 [INFO ] [TestBase] - [initialization] Intialization........ Successfully Done
2017-10-14 21:36:13 [INFO ] [CommonMethod] - [clear] clearing the textBox field....By.name: username
2017-10-14 21:36:14 [INFO ] [CommonMethod] - [sendKeys]  Entering data to the textBox field.... By.name: username
2017-10-14 21:36:14 [INFO ] [CommonMethod] - [clear] clearing the textBox field....By.name: password
2017-10-14 21:36:15 [INFO ] [CommonMethod] - [sendKeys]  Entering data to the textBox field.... By.name: password
2017-10-14 21:36:17 [INFO ] [CommonMethod] - [click] Clicking on element ..... By.name: submit
2017-10-14 21:36:19 [INFO ] [CommonMethod] - [click] Clicking on element ..... By.xpath: //a[@href='logout.php']
2017-10-14 21:37:46 [INFO ] [ExtentReporting] - [GeneratingReport] Configuration of reporting ..........
2017-10-14 21:37:47 [INFO ] [TestBase] - [initialization] Intialization........
2017-10-14 21:37:49 [INFO ] [TestBase] - [initialization] test configuration..... 
2017-10-14 21:37:49 [INFO ] [TestBase] - [initialization] test configuration..... Successfully
2017-10-14 21:37:49 [INFO ] [BrowserType] - [setupBrowser] Choosing Browser Type
2017-10-14 21:37:55 [INFO ] [BrowserType] - [setDriver] Choosing Browsename as Chrome Successfully...
2017-10-14 21:37:56 [INFO ] [EnvironmentSetup] - [setEnvironmentMode] Choosing Environment Mode
2017-10-14 21:37:58 [INFO ] [EnvironmentSetup] - [setEnvironmentMode] Navigated to URL : http://selenium4testing.com/hms/
2017-10-14 21:37:58 [INFO ] [TestBase] - [initialization] Intialization........ Successfully Done
2017-10-14 21:37:58 [INFO ] [CommonMethod] - [clear] clearing the textBox field....By.name: username
2017-10-14 21:37:59 [INFO ] [CommonMethod] - [sendKeys]  Entering data to the textBox field.... By.name: username
2017-10-14 21:38:00 [INFO ] [CommonMethod] - [clear] clearing the textBox field....By.name: password
2017-10-14 21:38:00 [INFO ] [CommonMethod] - [sendKeys]  Entering data to the textBox field.... By.name: password
2017-10-14 21:38:04 [INFO ] [CommonMethod] - [click] Clicking on element ..... By.name: submit
2017-10-14 21:39:06 [INFO ] [CommonMethod] - [comparedWithExpectedElement] no such element: Unable to locate element: {"method":"xpath","selector":"//a[@href='logout.php1']"}
  (Session info: chrome=61.0.3163.100)
  (Driver info: chromedriver=2.33.506120 (e3e53437346286c0bc2d2dc9aa4915ba81d9023f),platform=Windows NT 10.0.15063 x86_64) (WARNING: The server did not provide any stacktrace information)
Command duration or timeout: 0 milliseconds
For documentation on this error, please visit: http://seleniumhq.org/exceptions/no_such_element.html
Build info: version: '3.6.0', revision: '6fbf3ec767', time: '2017-09-27T16:15:40.131Z'
System info: host: 'DESKTOP-O1JPDAB', ip: '192.168.0.102', os.name: 'Windows 10', os.arch: 'amd64', os.version: '10.0', java.version: '1.8.0_91'
Driver info: org.openqa.selenium.chrome.ChromeDriver
Capabilities [{mobileEmulationEnabled=false, hasTouchScreen=false, platform=XP, acceptSslCerts=true, webStorageEnabled=true, browserName=chrome, takesScreenshot=true, javascriptEnabled=true, platformName=XP, setWindowRect=true, unexpectedAlertBehaviour=, applicationCacheEnabled=false, rotatable=false, networkConnectionEnabled=false, chrome={chromedriverVersion=2.33.506120 (e3e53437346286c0bc2d2dc9aa4915ba81d9023f), userDataDir=C:\Users\SUDHAR~1\AppData\Local\Temp\scoped_dir9896_30818}, takesHeapSnapshot=true, pageLoadStrategy=normal, unhandledPromptBehavior=, databaseEnabled=false, handlesAlerts=true, version=61.0.3163.100, browserConnectionEnabled=false, nativeEvents=true, locationContextEnabled=true, cssSelectorsEnabled=true}]
Session ID: ccd1d8cf83defda3d839d507d38470ad
*** Element info: {Using=xpath, value=//a[@href='logout.php1']}
2017-10-14 21:39:06 [ERROR] [CommonMethod] - [comparedWithExpectedElement] Expected value not present in the webpageno such element: Unable to locate element: {"method":"xpath","selector":"//a[@href='logout.php1']"}
  (Session info: chrome=61.0.3163.100)
  (Driver info: chromedriver=2.33.506120 (e3e53437346286c0bc2d2dc9aa4915ba81d9023f),platform=Windows NT 10.0.15063 x86_64) (WARNING: The server did not provide any stacktrace information)
Command duration or timeout: 0 milliseconds
For documentation on this error, please visit: http://seleniumhq.org/exceptions/no_such_element.html
Build info: version: '3.6.0', revision: '6fbf3ec767', time: '2017-09-27T16:15:40.131Z'
System info: host: 'DESKTOP-O1JPDAB', ip: '192.168.0.102', os.name: 'Windows 10', os.arch: 'amd64', os.version: '10.0', java.version: '1.8.0_91'
Driver info: org.openqa.selenium.chrome.ChromeDriver
Capabilities [{mobileEmulationEnabled=false, hasTouchScreen=false, platform=XP, acceptSslCerts=true, webStorageEnabled=true, browserName=chrome, takesScreenshot=true, javascriptEnabled=true, platformName=XP, setWindowRect=true, unexpectedAlertBehaviour=, applicationCacheEnabled=false, rotatable=false, networkConnectionEnabled=false, chrome={chromedriverVersion=2.33.506120 (e3e53437346286c0bc2d2dc9aa4915ba81d9023f), userDataDir=C:\Users\SUDHAR~1\AppData\Local\Temp\scoped_dir9896_30818}, takesHeapSnapshot=true, pageLoadStrategy=normal, unhandledPromptBehavior=, databaseEnabled=false, handlesAlerts=true, version=61.0.3163.100, browserConnectionEnabled=false, nativeEvents=true, locationContextEnabled=true, cssSelectorsEnabled=true}]
Session ID: ccd1d8cf83defda3d839d507d38470ad
*** Element info: {Using=xpath, value=//a[@href='logout.php1']}
2017-10-14 21:39:06 [ERROR] [CommonMethod] - [comparedWithExpectedElement] no such element: Unable to locate element: {"method":"xpath","selector":"//a[@href='logout.php1']"}
  (Session info: chrome=61.0.3163.100)
  (Driver info: chromedriver=2.33.506120 (e3e53437346286c0bc2d2dc9aa4915ba81d9023f),platform=Windows NT 10.0.15063 x86_64) (WARNING: The server did not provide any stacktrace information)
Command duration or timeout: 0 milliseconds
For documentation on this error, please visit: http://seleniumhq.org/exceptions/no_such_element.html
Build info: version: '3.6.0', revision: '6fbf3ec767', time: '2017-09-27T16:15:40.131Z'
System info: host: 'DESKTOP-O1JPDAB', ip: '192.168.0.102', os.name: 'Windows 10', os.arch: 'amd64', os.version: '10.0', java.version: '1.8.0_91'
Driver info: org.openqa.selenium.chrome.ChromeDriver
Capabilities [{mobileEmulationEnabled=false, hasTouchScreen=false, platform=XP, acceptSslCerts=true, webStorageEnabled=true, browserName=chrome, takesScreenshot=true, javascriptEnabled=true, platformName=XP, setWindowRect=true, unexpectedAlertBehaviour=, applicationCacheEnabled=false, rotatable=false, networkConnectionEnabled=false, chrome={chromedriverVersion=2.33.506120 (e3e53437346286c0bc2d2dc9aa4915ba81d9023f), userDataDir=C:\Users\SUDHAR~1\AppData\Local\Temp\scoped_dir9896_30818}, takesHeapSnapshot=true, pageLoadStrategy=normal, unhandledPromptBehavior=, databaseEnabled=false, handlesAlerts=true, version=61.0.3163.100, browserConnectionEnabled=false, nativeEvents=true, locationContextEnabled=true, cssSelectorsEnabled=true}]
Session ID: ccd1d8cf83defda3d839d507d38470ad
*** Element info: {Using=xpath, value=//a[@href='logout.php1']}
2017-10-14 21:39:08 [INFO ] [TestBase] - [initialization] Intialization........
2017-10-14 21:39:08 [INFO ] [TestBase] - [initialization] test configuration..... 
2017-10-14 21:39:08 [INFO ] [TestBase] - [initialization] test configuration..... Successfully
2017-10-14 21:39:08 [INFO ] [BrowserType] - [setupBrowser] Choosing Browser Type
2017-10-14 21:39:12 [INFO ] [BrowserType] - [setDriver] Choosing Browsename as Chrome Successfully...
2017-10-14 21:39:13 [INFO ] [EnvironmentSetup] - [setEnvironmentMode] Choosing Environment Mode
2017-10-14 21:39:15 [INFO ] [EnvironmentSetup] - [setEnvironmentMode] Navigated to URL : http://selenium4testing.com/hms/
2017-10-14 21:39:15 [INFO ] [TestBase] - [initialization] Intialization........ Successfully Done
2017-10-14 21:39:15 [INFO ] [CommonMethod] - [clear] clearing the textBox field....By.name: username
2017-10-14 21:39:16 [INFO ] [CommonMethod] - [sendKeys]  Entering data to the textBox field.... By.name: username
2017-10-14 21:39:16 [INFO ] [CommonMethod] - [clear] clearing the textBox field....By.name: password
2017-10-14 21:39:17 [INFO ] [CommonMethod] - [sendKeys]  Entering data to the textBox field.... By.name: password
2017-10-14 21:39:19 [INFO ] [CommonMethod] - [click] Clicking on element ..... By.name: submit
2017-10-14 21:39:20 [INFO ] [CommonMethod] - [click] Clicking on element ..... By.xpath: //a[@href='logout.php']
2017-10-14 21:41:12 [INFO ] [ExtentReporting] - [GeneratingReport] Configuration of reporting ..........
2017-10-14 21:41:13 [INFO ] [TestBase] - [initialization] Intialization........
2017-10-14 21:41:15 [INFO ] [TestBase] - [initialization] test configuration..... 
2017-10-14 21:41:15 [INFO ] [TestBase] - [initialization] test configuration..... Successfully
2017-10-14 21:41:15 [INFO ] [BrowserType] - [setupBrowser] Choosing Browser Type
2017-10-14 21:41:22 [INFO ] [BrowserType] - [setDriver] Choosing Browsename as Chrome Successfully...
2017-10-14 21:41:23 [INFO ] [EnvironmentSetup] - [setEnvironmentMode] Choosing Environment Mode
2017-10-14 21:41:25 [INFO ] [EnvironmentSetup] - [setEnvironmentMode] Navigated to URL : http://selenium4testing.com/hms/
2017-10-14 21:41:25 [INFO ] [TestBase] - [initialization] Intialization........ Successfully Done
2017-10-14 21:41:25 [INFO ] [CommonMethod] - [clear] clearing the textBox field....By.name: username
2017-10-14 21:41:26 [INFO ] [CommonMethod] - [sendKeys]  Entering data to the textBox field.... By.name: username
2017-10-14 21:41:27 [INFO ] [CommonMethod] - [clear] clearing the textBox field....By.name: password
2017-10-14 21:41:28 [INFO ] [CommonMethod] - [sendKeys]  Entering data to the textBox field.... By.name: password
2017-10-14 21:41:29 [INFO ] [CommonMethod] - [click] Clicking on element ..... By.name: submit
2017-10-14 21:41:36 [INFO ] [TestBase] - [initialization] Intialization........
2017-10-14 21:41:36 [INFO ] [TestBase] - [initialization] test configuration..... 
2017-10-14 21:41:36 [INFO ] [TestBase] - [initialization] test configuration..... Successfully
2017-10-14 21:41:36 [INFO ] [BrowserType] - [setupBrowser] Choosing Browser Type
2017-10-14 21:41:40 [INFO ] [BrowserType] - [setDriver] Choosing Browsename as Chrome Successfully...
2017-10-14 21:41:41 [INFO ] [EnvironmentSetup] - [setEnvironmentMode] Choosing Environment Mode
2017-10-14 21:41:43 [INFO ] [EnvironmentSetup] - [setEnvironmentMode] Navigated to URL : http://selenium4testing.com/hms/
2017-10-14 21:41:43 [INFO ] [TestBase] - [initialization] Intialization........ Successfully Done
2017-10-14 21:41:43 [INFO ] [CommonMethod] - [clear] clearing the textBox field....By.name: username
2017-10-14 21:41:44 [INFO ] [CommonMethod] - [sendKeys]  Entering data to the textBox field.... By.name: username
2017-10-14 21:41:45 [INFO ] [CommonMethod] - [clear] clearing the textBox field....By.name: password
2017-10-14 21:41:45 [INFO ] [CommonMethod] - [sendKeys]  Entering data to the textBox field.... By.name: password
2017-10-14 21:41:47 [INFO ] [CommonMethod] - [click] Clicking on element ..... By.name: submit
2017-10-14 21:41:49 [INFO ] [CommonMethod] - [click] Clicking on element ..... By.xpath: //a[@href='logout.php']
2017-10-14 21:42:21 [INFO ] [ExtentReporting] - [GeneratingReport] Configuration of reporting ..........
2017-10-14 21:42:22 [INFO ] [TestBase] - [initialization] Intialization........
2017-10-14 21:42:24 [INFO ] [TestBase] - [initialization] test configuration..... 
2017-10-14 21:42:24 [INFO ] [TestBase] - [initialization] test configuration..... Successfully
2017-10-14 21:42:24 [INFO ] [BrowserType] - [setupBrowser] Choosing Browser Type
2017-10-14 21:42:30 [INFO ] [BrowserType] - [setDriver] Choosing Browsename as Chrome Successfully...
2017-10-14 21:42:31 [INFO ] [EnvironmentSetup] - [setEnvironmentMode] Choosing Environment Mode
2017-10-14 21:42:34 [INFO ] [EnvironmentSetup] - [setEnvironmentMode] Navigated to URL : http://selenium4testing.com/hms/
2017-10-14 21:42:34 [INFO ] [TestBase] - [initialization] Intialization........ Successfully Done
2017-10-14 21:42:35 [INFO ] [CommonMethod] - [clear] clearing the textBox field....By.name: username
2017-10-14 21:42:36 [INFO ] [CommonMethod] - [sendKeys]  Entering data to the textBox field.... By.name: username
2017-10-14 21:42:36 [INFO ] [CommonMethod] - [clear] clearing the textBox field....By.name: password
2017-10-14 21:42:37 [INFO ] [CommonMethod] - [sendKeys]  Entering data to the textBox field.... By.name: password
2017-10-14 21:42:39 [INFO ] [CommonMethod] - [click] Clicking on element ..... By.name: submit
2017-10-14 21:42:41 [INFO ] [CommonMethod] - [comparedWithExpectedText] Actual value......Logout..... is  matching with expected value....Logout.......
2017-10-14 21:44:29 [INFO ] [ExtentReporting] - [GeneratingReport] Configuration of reporting ..........
2017-10-14 21:44:30 [INFO ] [TestBase] - [initialization] Intialization........
2017-10-14 21:44:32 [INFO ] [TestBase] - [initialization] test configuration..... 
2017-10-14 21:44:32 [INFO ] [TestBase] - [initialization] test configuration..... Successfully
2017-10-14 21:44:32 [INFO ] [BrowserType] - [setupBrowser] Choosing Browser Type
2017-10-14 21:44:39 [INFO ] [BrowserType] - [setDriver] Choosing Browsename as Chrome Successfully...
2017-10-14 21:44:40 [INFO ] [EnvironmentSetup] - [setEnvironmentMode] Choosing Environment Mode
2017-10-14 21:44:42 [INFO ] [EnvironmentSetup] - [setEnvironmentMode] Navigated to URL : http://selenium4testing.com/hms/
2017-10-14 21:44:42 [INFO ] [TestBase] - [initialization] Intialization........ Successfully Done
2017-10-14 21:44:43 [INFO ] [CommonMethod] - [clear] clearing the textBox field....By.name: username
2017-10-14 21:44:44 [INFO ] [CommonMethod] - [sendKeys]  Entering data to the textBox field.... By.name: username
2017-10-14 21:44:44 [INFO ] [CommonMethod] - [clear] clearing the textBox field....By.name: password
2017-10-14 21:44:45 [INFO ] [CommonMethod] - [sendKeys]  Entering data to the textBox field.... By.name: password
2017-10-14 21:44:47 [INFO ] [CommonMethod] - [click] Clicking on element ..... By.name: submit
2017-10-14 21:44:49 [INFO ] [CommonMethod] - [comparedWithExpectedText] Actual value......Logout..... is  matching with expected value....Logout.......
2017-10-14 21:45:25 [INFO ] [ExtentReporting] - [GeneratingReport] Configuration of reporting ..........
2017-10-14 21:45:26 [INFO ] [TestBase] - [initialization] Intialization........
2017-10-14 21:45:27 [INFO ] [TestBase] - [initialization] test configuration..... 
2017-10-14 21:45:27 [INFO ] [TestBase] - [initialization] test configuration..... Successfully
2017-10-14 21:45:27 [INFO ] [BrowserType] - [setupBrowser] Choosing Browser Type
2017-10-14 21:46:41 [INFO ] [ExtentReporting] - [GeneratingReport] Configuration of reporting ..........
2017-10-14 21:46:42 [INFO ] [TestBase] - [initialization] Intialization........
2017-10-14 21:46:44 [INFO ] [TestBase] - [initialization] test configuration..... 
2017-10-14 21:46:44 [INFO ] [TestBase] - [initialization] test configuration..... Successfully
2017-10-14 21:46:44 [INFO ] [BrowserType] - [setupBrowser] Choosing Browser Type
2017-10-16 22:14:28 [INFO ] [ExtentReporting] - [GeneratingReport] Configuration of reporting ..........
2017-10-16 22:14:29 [INFO ] [TestBase] - [initialization] Intialization........
2017-10-16 22:14:31 [INFO ] [TestBase] - [initialization] test configuration..... 
2017-10-16 22:14:31 [INFO ] [TestBase] - [initialization] test configuration..... Successfully
2017-10-16 22:14:31 [INFO ] [BrowserType] - [setupBrowser] Choosing Browser Type
2017-10-16 22:14:42 [INFO ] [BrowserType] - [setDriver] Choosing Browsename as Chrome Successfully...
2017-10-16 22:16:44 [INFO ] [ExtentReporting] - [GeneratingReport] Configuration of reporting ..........
2017-10-16 22:16:45 [INFO ] [TestBase] - [initialization] Intialization........
2017-10-16 22:16:47 [INFO ] [TestBase] - [initialization] test configuration..... 
2017-10-16 22:16:47 [INFO ] [TestBase] - [initialization] test configuration..... Successfully
2017-10-16 22:16:47 [INFO ] [BrowserType] - [setupBrowser] Choosing Browser Type
2017-10-16 22:16:55 [INFO ] [BrowserType] - [setDriver] Choosing Browsename as Chrome Successfully...
2017-10-16 22:20:06 [INFO ] [ExtentReporting] - [GeneratingReport] Configuration of reporting ..........
2017-10-16 22:20:07 [INFO ] [TestBase] - [initialization] Intialization........
2017-10-16 22:20:08 [INFO ] [TestBase] - [initialization] test configuration..... 
2017-10-16 22:20:08 [INFO ] [TestBase] - [initialization] test configuration..... Successfully
2017-10-16 22:20:08 [INFO ] [BrowserType] - [setupBrowser] Choosing Browser Type
2017-10-16 22:20:15 [INFO ] [BrowserType] - [setDriver] Choosing Browsename as Chrome Successfully...
2017-10-16 22:21:29 [INFO ] [ExtentReporting] - [GeneratingReport] Configuration of reporting ..........
2017-10-16 22:21:30 [INFO ] [TestBase] - [initialization] Intialization........
2017-10-16 22:21:32 [INFO ] [TestBase] - [initialization] test configuration..... 
2017-10-16 22:21:32 [INFO ] [TestBase] - [initialization] test configuration..... Successfully
2017-10-16 22:21:32 [INFO ] [BrowserType] - [setupBrowser] Choosing Browser Type
2017-10-16 22:21:39 [INFO ] [BrowserType] - [setDriver] Choosing Browsename as Chrome Successfully...
2017-10-16 22:23:26 [INFO ] [ExtentReporting] - [GeneratingReport] Configuration of reporting ..........
2017-10-16 22:23:27 [INFO ] [TestBase] - [initialization] Intialization........
2017-10-16 22:23:28 [INFO ] [TestBase] - [initialization] test configuration..... 
2017-10-16 22:23:28 [INFO ] [TestBase] - [initialization] test configuration..... Successfully
2017-10-16 22:23:28 [INFO ] [BrowserType] - [setupBrowser] Choosing Browser Type
2017-10-16 22:23:33 [INFO ] [BrowserType] - [setDriver] Choosing Browsename as Chrome Successfully...
2017-10-16 22:25:30 [INFO ] [ExtentReporting] - [GeneratingReport] Configuration of reporting ..........
2017-10-16 22:25:31 [INFO ] [TestBase] - [initialization] Intialization........
2017-10-16 22:25:33 [INFO ] [TestBase] - [initialization] test configuration..... 
2017-10-16 22:25:33 [INFO ] [TestBase] - [initialization] test configuration..... Successfully
2017-10-16 22:25:33 [INFO ] [BrowserType] - [setupBrowser] Choosing Browser Type
2017-10-16 22:25:40 [INFO ] [BrowserType] - [setDriver] Choosing Browsename as Chrome Successfully...
2017-10-16 22:31:50 [INFO ] [ExtentReporting] - [GeneratingReport] Configuration of reporting ..........
2017-10-16 22:31:51 [INFO ] [TestBase] - [initialization] Intialization........
2017-10-16 22:31:53 [INFO ] [TestBase] - [initialization] test configuration..... 
2017-10-16 22:31:53 [INFO ] [TestBase] - [initialization] test configuration..... Successfully
2017-10-16 22:31:53 [INFO ] [BrowserType] - [setupBrowser] Choosing Browser Type
2017-10-16 22:32:01 [INFO ] [BrowserType] - [setDriver] Choosing Browsename as Chrome Successfully...
2017-10-16 22:32:03 [INFO ] [EnvironmentSetup] - [setEnvironmentMode] Choosing Environment Mode
2017-10-16 22:32:08 [INFO ] [EnvironmentSetup] - [setEnvironmentMode] Navigated to URL : http://selenium4testing.com/hms/
2017-10-16 22:32:08 [INFO ] [TestBase] - [initialization] Intialization........ Successfully Done
2017-10-16 22:32:09 [INFO ] [CommonMethod] - [clear] clearing the textBox field....By.name: username
2017-10-16 22:32:10 [INFO ] [CommonMethod] - [sendKeys]  Entering data to the textBox field.... By.name: username
2017-10-16 22:32:10 [INFO ] [CommonMethod] - [clear] clearing the textBox field....By.name: password
2017-10-16 22:32:11 [INFO ] [CommonMethod] - [sendKeys]  Entering data to the textBox field.... By.name: password
2017-10-16 22:32:14 [INFO ] [CommonMethod] - [click] Clicking on element ..... By.name: submit
2017-10-16 22:32:16 [INFO ] [CommonMethod] - [comparedWithExpectedText] Actual value......Logout..... is  matching with expected value....Logout.......
2017-10-16 22:34:18 [INFO ] [ExtentReporting] - [GeneratingReport] Configuration of reporting ..........
2017-10-16 22:34:18 [INFO ] [TestBase] - [initialization] Intialization........
2017-10-16 22:34:20 [INFO ] [TestBase] - [initialization] test configuration..... 
2017-10-16 22:34:20 [INFO ] [TestBase] - [initialization] test configuration..... Successfully
2017-10-16 22:34:20 [INFO ] [BrowserType] - [setupBrowser] Choosing Browser Type
2017-10-16 22:34:27 [INFO ] [BrowserType] - [setDriver] Choosing Browsename as Chrome Successfully...
2017-10-16 22:34:28 [INFO ] [EnvironmentSetup] - [setEnvironmentMode] Choosing Environment Mode
2017-10-16 22:34:32 [INFO ] [EnvironmentSetup] - [setEnvironmentMode] Navigated to URL : http://selenium4testing.com/hms/
2017-10-16 22:34:32 [INFO ] [TestBase] - [initialization] Intialization........ Successfully Done
2017-10-16 22:34:32 [INFO ] [CommonMethod] - [clear] clearing the textBox field....By.name: username
2017-10-16 22:34:33 [INFO ] [CommonMethod] - [sendKeys]  Entering data to the textBox field.... By.name: username
2017-10-16 22:34:34 [INFO ] [CommonMethod] - [clear] clearing the textBox field....By.name: password
2017-10-16 22:34:34 [INFO ] [CommonMethod] - [sendKeys]  Entering data to the textBox field.... By.name: password
2017-10-16 22:34:36 [INFO ] [CommonMethod] - [click] Clicking on element ..... By.name: submit
2017-10-16 22:34:38 [INFO ] [CommonMethod] - [comparedWithExpectedText] Actual value......Logout..... is  matching with expected value....Logout.......
2017-10-16 22:49:59 [INFO ] [ExtentReporting] - [GeneratingReport] Configuration of reporting ..........
2017-10-16 22:50:00 [INFO ] [TestBase] - [initialization] Intialization........
2017-10-16 22:50:03 [INFO ] [TestBase] - [initialization] test configuration..... 
2017-10-16 22:50:03 [INFO ] [TestBase] - [initialization] test configuration..... Successfully
2017-10-16 22:50:03 [INFO ] [BrowserType] - [setupBrowser] Choosing Browser Type
2017-10-16 22:50:20 [INFO ] [BrowserType] - [setDriver] Choosing Browsename as Chrome Successfully...
2017-10-16 22:50:21 [INFO ] [EnvironmentSetup] - [setEnvironmentMode] Choosing Environment Mode
2017-10-16 22:50:25 [INFO ] [EnvironmentSetup] - [setEnvironmentMode] Navigated to URL : http://selenium4testing.com/hms/
2017-10-16 22:50:25 [INFO ] [TestBase] - [initialization] Intialization........ Successfully Done
2017-10-16 22:50:26 [INFO ] [CommonMethod] - [clear] clearing the textBox field....By.name: username
2017-10-16 22:50:27 [INFO ] [CommonMethod] - [sendKeys]  Entering data to the textBox field.... By.name: username
2017-10-16 22:50:28 [INFO ] [CommonMethod] - [clear] clearing the textBox field....By.name: password
2017-10-16 22:50:29 [INFO ] [CommonMethod] - [sendKeys]  Entering data to the textBox field.... By.name: password
2017-10-16 22:50:33 [INFO ] [CommonMethod] - [click] Clicking on element ..... By.name: submit
2017-10-16 22:50:39 [INFO ] [CommonMethod] - [comparedWithExpectedText] Actual value......Logout..... is  matching with expected value....Logout.......
